This is pdfTeX, Version 3.14159265-2.6-1.40.15 (TeX Live 2014) (preloaded format=pdflatex 2014.5.25)  5 MAY 2015 12:15
entering extended mode
 restricted \write18 enabled.
 %&-line parsing enabled.
**BTPreport.tex
(./BTPreport.tex
LaTeX2e <2014/05/01>
Babel <3.9k> and hyphenation patterns for 78 languages loaded.
(/usr/local/texlive/2014/texmf-dist/tex/latex/base/article.cls
Document Class: article 2007/10/19 v1.4h Standard LaTeX document class
(/usr/local/texlive/2014/texmf-dist/tex/latex/base/size12.clo
File: size12.clo 2007/10/19 v1.4h Standard LaTeX file (size option)
)
\c@part=\count79
\c@section=\count80
\c@subsection=\count81
\c@subsubsection=\count82
\c@paragraph=\count83
\c@subparagraph=\count84
\c@figure=\count85
\c@table=\count86
\abovecaptionskip=\skip41
\belowcaptionskip=\skip42
\bibindent=\dimen102
)
(/usr/local/texlive/2014/texmf-dist/tex/latex/graphics/graphicx.sty
Package: graphicx 2014/04/25 v1.0g Enhanced LaTeX Graphics (DPC,SPQR)

(/usr/local/texlive/2014/texmf-dist/tex/latex/graphics/keyval.sty
Package: keyval 2014/05/08 v1.15 key=value parser (DPC)
\KV@toks@=\toks14
)
(/usr/local/texlive/2014/texmf-dist/tex/latex/graphics/graphics.sty
Package: graphics 2009/02/05 v1.0o Standard LaTeX Graphics (DPC,SPQR)

(/usr/local/texlive/2014/texmf-dist/tex/latex/graphics/trig.sty
Package: trig 1999/03/16 v1.09 sin cos tan (DPC)
)
(/usr/local/texlive/2014/texmf-dist/tex/latex/latexconfig/graphics.cfg
File: graphics.cfg 2010/04/23 v1.9 graphics configuration of TeX Live
)
Package graphics Info: Driver file: pdftex.def on input line 91.

(/usr/local/texlive/2014/texmf-dist/tex/latex/pdftex-def/pdftex.def
File: pdftex.def 2011/05/27 v0.06d Graphics/color for pdfTeX

(/usr/local/texlive/2014/texmf-dist/tex/generic/oberdiek/infwarerr.sty
Package: infwarerr 2010/04/08 v1.3 Providing info/warning/error messages (HO)
)
(/usr/local/texlive/2014/texmf-dist/tex/generic/oberdiek/ltxcmds.sty
Package: ltxcmds 2011/11/09 v1.22 LaTeX kernel commands for general use (HO)
)
\Gread@gobject=\count87
))
\Gin@req@height=\dimen103
\Gin@req@width=\dimen104
)
(/usr/local/texlive/2014/texmf-dist/tex/latex/tools/enumerate.sty
Package: enumerate 1999/03/05 v3.00 enumerate extensions (DPC)
\@enLab=\toks15
)
(./BTPreport.aux

LaTeX Warning: Label `fig:beta' multiply defined.


LaTeX Warning: Label `fig:beta' multiply defined.


LaTeX Warning: Label `fig:beta' multiply defined.


LaTeX Warning: Label `fig:beta' multiply defined.


LaTeX Warning: Label `fig:beta' multiply defined.


LaTeX Warning: Label `fig:beta' multiply defined.


LaTeX Warning: Label `fig:beta' multiply defined.


LaTeX Warning: Label `fig:beta' multiply defined.

)
\openout1 = `BTPreport.aux'.

LaTeX Font Info:    Checking defaults for OML/cmm/m/it on input line 54.
LaTeX Font Info:    ... okay on input line 54.
LaTeX Font Info:    Checking defaults for T1/cmr/m/n on input line 54.
LaTeX Font Info:    ... okay on input line 54.
LaTeX Font Info:    Checking defaults for OT1/cmr/m/n on input line 54.
LaTeX Font Info:    ... okay on input line 54.
LaTeX Font Info:    Checking defaults for OMS/cmsy/m/n on input line 54.
LaTeX Font Info:    ... okay on input line 54.
LaTeX Font Info:    Checking defaults for OMX/cmex/m/n on input line 54.
LaTeX Font Info:    ... okay on input line 54.
LaTeX Font Info:    Checking defaults for U/cmr/m/n on input line 54.
LaTeX Font Info:    ... okay on input line 54.
 (/usr/local/texlive/2014/texmf-dist/tex/context/base/supp-pdf.mkii
[Loading MPS to PDF converter (version 2006.09.02).]
\scratchcounter=\count88
\scratchdimen=\dimen105
\scratchbox=\box26
\nofMPsegments=\count89
\nofMParguments=\count90
\everyMPshowfont=\toks16
\MPscratchCnt=\count91
\MPscratchDim=\dimen106
\MPnumerator=\count92
\makeMPintoPDFobject=\count93
\everyMPtoPDFconversion=\toks17
) (/usr/local/texlive/2014/texmf-dist/tex/generic/oberdiek/pdftexcmds.sty
Package: pdftexcmds 2011/11/29 v0.20 Utility functions of pdfTeX for LuaTeX (HO
)

(/usr/local/texlive/2014/texmf-dist/tex/generic/oberdiek/ifluatex.sty
Package: ifluatex 2010/03/01 v1.3 Provides the ifluatex switch (HO)
Package ifluatex Info: LuaTeX not detected.
)
(/usr/local/texlive/2014/texmf-dist/tex/generic/oberdiek/ifpdf.sty
Package: ifpdf 2011/01/30 v2.3 Provides the ifpdf switch (HO)
Package ifpdf Info: pdfTeX in PDF mode is detected.
)
Package pdftexcmds Info: LuaTeX not detected.
Package pdftexcmds Info: \pdf@primitive is available.
Package pdftexcmds Info: \pdf@ifprimitive is available.
Package pdftexcmds Info: \pdfdraftmode found.
)
(/usr/local/texlive/2014/texmf-dist/tex/latex/oberdiek/epstopdf-base.sty
Package: epstopdf-base 2010/02/09 v2.5 Base part for package epstopdf

(/usr/local/texlive/2014/texmf-dist/tex/latex/oberdiek/grfext.sty
Package: grfext 2010/08/19 v1.1 Manage graphics extensions (HO)

(/usr/local/texlive/2014/texmf-dist/tex/generic/oberdiek/kvdefinekeys.sty
Package: kvdefinekeys 2011/04/07 v1.3 Define keys (HO)
))
(/usr/local/texlive/2014/texmf-dist/tex/latex/oberdiek/kvoptions.sty
Package: kvoptions 2011/06/30 v3.11 Key value format for package options (HO)

(/usr/local/texlive/2014/texmf-dist/tex/generic/oberdiek/kvsetkeys.sty
Package: kvsetkeys 2012/04/25 v1.16 Key value parser (HO)

(/usr/local/texlive/2014/texmf-dist/tex/generic/oberdiek/etexcmds.sty
Package: etexcmds 2011/02/16 v1.5 Avoid name clashes with e-TeX commands (HO)
Package etexcmds Info: Could not find \expanded.
(etexcmds)             That can mean that you are not using pdfTeX 1.50 or
(etexcmds)             that some package has redefined \expanded.
(etexcmds)             In the latter case, load this package earlier.
)))
Package grfext Info: Graphics extension search list:
(grfext)             [.png,.pdf,.jpg,.mps,.jpeg,.jbig2,.jb2,.PNG,.PDF,.JPG,.JPE
G,.JBIG2,.JB2,.eps]
(grfext)             \AppendGraphicsExtensions on input line 452.

(/usr/local/texlive/2014/texmf-dist/tex/latex/latexconfig/epstopdf-sys.cfg
File: epstopdf-sys.cfg 2010/07/13 v1.3 Configuration of (r)epstopdf for TeX Liv
e
))

LaTeX Font Warning: Font shape `OT1/cmss/m/sc' in size <12> not available
(Font)              Font shape `OT1/cmr/m/sc' tried instead on input line 55.

<kgp.png, id=1, 276.03125pt x 183.68625pt>
File: kgp.png Graphic file (type png)
 <use kgp.png>
Package pdftex.def Info: kgp.png used on input line 55.
(pdftex.def)             Requested size: 100.0pt x 66.5446pt.
 [1

{/usr/local/texlive/2014/texmf-var/fonts/map/pdftex/updmap/pdftex.map} <./kgp.p
ng>] [2] [3]
(./BTPreport.toc
LaTeX Font Info:    External font `cmex10' loaded for size
(Font)              <12> on input line 2.
LaTeX Font Info:    External font `cmex10' loaded for size
(Font)              <8> on input line 2.
LaTeX Font Info:    External font `cmex10' loaded for size
(Font)              <6> on input line 2.
)
\tf@toc=\write3
\openout3 = `BTPreport.toc'.

 [4]
Missing character: There is no ‚ in font cmss12!
Missing character: There is no Ä in font cmss12!
Missing character: There is no ì in font cmss12!

Underfull \hbox (badness 10000) in paragraph at lines 92--95

 []


Underfull \hbox (badness 10000) in paragraph at lines 96--97

 []


Underfull \hbox (badness 10000) in paragraph at lines 98--100

 []


Underfull \hbox (badness 10000) in paragraph at lines 98--100

 []

[5]
Underfull \hbox (badness 10000) in paragraph at lines 101--103
\OT1/cmss/m/n/12 sic
 []


Underfull \hbox (badness 10000) in paragraph at lines 101--103

 []

[6]

LaTeX Font Warning: Font shape `OT1/cmss/m/it' in size <12> not available
(Font)              Font shape `OT1/cmss/m/sl' tried instead on input line 110.


Missing character: There is no ‚ in font cmss12!
Missing character: There is no Ä in font cmss12!
Missing character: There is no ò in font cmss12!
Missing character: There is no ‚ in font cmss12!
Missing character: There is no Ä in font cmss12!
Missing character: There is no ô in font cmss12!
[7]
Missing character: There is no ‚ in font cmss12!
Missing character: There is no Ä in font cmss12!
Missing character: There is no ú in font cmss12!
Missing character: There is no ‚ in font cmss12!
Missing character: There is no Ä in font cmss12!
Missing character: There is no ù in font cmss12!
Missing character: There is no ‚ in font cmss12!
Missing character: There is no Ä in font cmss12!
Missing character: There is no ô in font cmss12!
Missing character: There is no ‚ in font cmss12!
Missing character: There is no Ä in font cmss12!
Missing character: There is no ô in font cmss12!
 [8]

LaTeX Font Warning: Font shape `OT1/cmss/bx/it' undefined
(Font)              using `OT1/cmss/bx/n' instead on input line 136.

Missing character: There is no ‚ in font cmssbx10!
Missing character: There is no Ä in font cmssbx10!
Missing character: There is no ô in font cmssbx10!
Missing character: There is no ‚ in font cmssbx10!
Missing character: There is no Ä in font cmssbx10!
Missing character: There is no ô in font cmssbx10!
Missing character: There is no ‚ in font cmssbx10!
Missing character: There is no Ä in font cmssbx10!
Missing character: There is no ô in font cmssbx10!
Missing character: There is no ‚ in font cmssbx10!
Missing character: There is no Ä in font cmssbx10!
Missing character: There is no ô in font cmssbx10!
Missing character: There is no ‚ in font cmssbx10!
Missing character: There is no Ä in font cmssbx10!
Missing character: There is no ô in font cmssbx10!
Missing character: There is no ‚ in font cmss12!
Missing character: There is no Ä in font cmss12!
Missing character: There is no ò in font cmss12!
Missing character: There is no ‚ in font cmss12!
Missing character: There is no Ä in font cmss12!
Missing character: There is no ô in font cmss12!
Missing character: There is no ‚ in font cmss12!
Missing character: There is no Ä in font cmss12!
Missing character: There is no ú in font cmss12!
Missing character: There is no ‚ in font cmss12!
Missing character: There is no Ä in font cmss12!
Missing character: There is no ù in font cmss12!
[9]
Missing character: There is no ‚ in font cmss12!
Missing character: There is no Ä in font cmss12!
Missing character: There is no ì in font cmss12!

Underfull \hbox (badness 10000) in paragraph at lines 145--146

 []

Missing character: There is no ‚ in font cmss12!
Missing character: There is no Ä in font cmss12!
Missing character: There is no ì in font cmss12!
Missing character: There is no ‚ in font cmss12!
Missing character: There is no Ä in font cmss12!
Missing character: There is no ì in font cmss12!
[10]
Missing character: There is no ‚ in font cmss12!
Missing character: There is no Ä in font cmss12!
Missing character: There is no ô in font cmss12!
Missing character: There is no ‚ in font cmss12!
Missing character: There is no Ä in font cmss12!
Missing character: There is no ô in font cmss12!

Underfull \hbox (badness 10000) in paragraph at lines 160--161

 []

Missing character: There is no ‚ in font cmss12!
Missing character: There is no Ä in font cmss12!
Missing character: There is no ò in font cmss12!
Missing character: There is no ‚ in font cmss12!
Missing character: There is no Ä in font cmss12!
Missing character: There is no ô in font cmss12!
Missing character: There is no ‚ in font cmss12!
Missing character: There is no Ä in font cmss12!
Missing character: There is no ò in font cmss12!
Missing character: There is no ‚ in font cmss12!
Missing character: There is no Ä in font cmss12!
Missing character: There is no ô in font cmss12!

Underfull \hbox (badness 10000) in paragraph at lines 166--175

 []


Underfull \hbox (badness 10000) in paragraph at lines 166--175

 []


Underfull \hbox (badness 10000) in paragraph at lines 166--175

 []

[11] [12] [13] <pal_notation.jpg, id=50, 501.875pt x 310.15875pt>
File: pal_notation.jpg Graphic file (type jpg)

<use pal_notation.jpg>
Package pdftex.def Info: pal_notation.jpg used on input line 202.
(pdftex.def)             Requested size: 390.0pt x 241.03311pt.
 <bhat.jpg, id=51, 650.43pt x 361.35pt>
File: bhat.jpg Graphic file (type jpg)
 <use bhat.jpg>
Package pdftex.def Info: bhat.jpg used on input line 212.
(pdftex.def)             Requested size: 390.0pt x 216.67383pt.

[14] <bhat_notation2.jpg, id=55, 650.43pt x 361.35pt>
File: bhat_notation2.jpg Graphic file (type jpg)
 <use bhat_notation2.jpg>
Package pdftex.def Info: bhat_notation2.jpg used on input line 229.
(pdftex.def)             Requested size: 390.0pt x 216.67383pt.

<bhat3.jpg, id=56, 629.35126pt x 91.34125pt>
File: bhat3.jpg Graphic file (type jpg)
 <use bhat3.jpg>
Package pdftex.def Info: bhat3.jpg used on input line 242.
(pdftex.def)             Requested size: 390.0pt x 56.6031pt.
 [15 <./pal_notation.jpg>] [16 <./bhat.jpg>]
Missing character: There is no ‚ in font cmssbx10!
Missing character: There is no Ä in font cmssbx10!
Missing character: There is no ¢ in font cmssbx10!
Missing character: There is no ‚ in font cmss12!
Missing character: There is no Ä in font cmss12!
Missing character: There is no ò in font cmss12!
Missing character: There is no ‚ in font cmss12!
Missing character: There is no Ä in font cmss12!
Missing character: There is no ô in font cmss12!
Missing character: There is no ‚ in font cmss12!
Missing character: There is no Ä in font cmss12!
Missing character: There is no ò in font cmss12!
Missing character: There is no ‚ in font cmss12!
Missing character: There is no Ä in font cmss12!
Missing character: There is no ô in font cmss12!
Missing character: There is no ‚ in font cmss12!
Missing character: There is no Ä in font cmss12!
Missing character: There is no ò in font cmss12!
Missing character: There is no ‚ in font cmss12!
Missing character: There is no Ä in font cmss12!
Missing character: There is no ô in font cmss12!
Missing character: There is no ‚ in font cmss12!
Missing character: There is no Ä in font cmss12!
Missing character: There is no ò in font cmss12!
Missing character: There is no ‚ in font cmss12!
Missing character: There is no Ä in font cmss12!
Missing character: There is no ô in font cmss12!
Missing character: There is no ‚ in font cmss12!
Missing character: There is no Ä in font cmss12!
Missing character: There is no ò in font cmss12!
Missing character: There is no ‚ in font cmss12!
Missing character: There is no Ä in font cmss12!
Missing character: There is no ô in font cmss12!
 [17 <./bhat_notation2.jpg> <./bhat3.jpg>]
Missing character: There is no ‚ in font cmss12!
Missing character: There is no Ä in font cmss12!
Missing character: There is no ô in font cmss12!
Missing character: There is no ‚ in font cmss12!
Missing character: There is no Ä in font cmss12!
Missing character: There is no ò in font cmss12!
Missing character: There is no ‚ in font cmss12!
Missing character: There is no Ä in font cmss12!
Missing character: There is no î in font cmss12!
Missing character: There is no ‚ in font cmss12!
Missing character: There is no Ä in font cmss12!
Missing character: There is no ô in font cmss12!
Missing character: There is no ‚ in font cmss12!
Missing character: There is no Ä in font cmss12!
Missing character: There is no ú in font cmss12!
Missing character: There is no ‚ in font cmss12!
Missing character: There is no Ä in font cmss12!
Missing character: There is no ù in font cmss12!
Missing character: There is no ‚ in font cmss12!
Missing character: There is no Ä in font cmss12!
Missing character: There is no ú in font cmss12!
Missing character: There is no ‚ in font cmss12!
Missing character: There is no Ä in font cmss12!
Missing character: There is no ù in font cmss12!
Missing character: There is no ‚ in font cmssbx10!
Missing character: There is no Ä in font cmssbx10!
Missing character: There is no ¢ in font cmssbx10!
Missing character: There is no ‚ in font cmss12!
Missing character: There is no Ä in font cmss12!
Missing character: There is no î in font cmss12!
Missing character: There is no ‚ in font cmss12!
Missing character: There is no Ä in font cmss12!
Missing character: There is no ú in font cmss12!
Missing character: There is no ‚ in font cmss12!
Missing character: There is no Ä in font cmss12!
Missing character: There is no ù in font cmss12!
Missing character: There is no Ô in font cmss12!
Missing character: There is no ø in font cmss12!
Missing character: There is no º in font cmss12!
Missing character: There is no ‚ in font cmssbx10!
Missing character: There is no Ä in font cmssbx10!
Missing character: There is no ¢ in font cmssbx10!
Missing character: There is no ‚ in font cmr12!
Missing character: There is no Ä in font cmr12!
Missing character: There is no ì in font cmr12!
Missing character: There is no ‚ in font cmr12!
Missing character: There is no Ä in font cmr12!
Missing character: There is no ì in font cmr12!
Missing character: There is no ‚ in font cmr12!
Missing character: There is no Ä in font cmr12!
Missing character: There is no ô in font cmr12!
Missing character: There is no ‚ in font cmr12!
Missing character: There is no Ä in font cmr12!
Missing character: There is no ì in font cmr12!
Missing character: There is no ‚ in font cmr12!
Missing character: There is no Ä in font cmr12!
Missing character: There is no ô in font cmr12!
Missing character: There is no ‚ in font cmr12!
Missing character: There is no Ä in font cmr12!
Missing character: There is no ô in font cmr12!
Missing character: There is no ‚ in font cmr12!
Missing character: There is no Ä in font cmr12!
Missing character: There is no ô in font cmr12!
Missing character: There is no ‚ in font cmr12!
Missing character: There is no Ä in font cmr12!
Missing character: There is no ô in font cmr12!
Missing character: There is no ‚ in font cmr12!
Missing character: There is no Ä in font cmr12!
Missing character: There is no ô in font cmr12!
Missing character: There is no ‚ in font cmr12!
Missing character: There is no Ä in font cmr12!
Missing character: There is no ô in font cmr12!
Missing character: There is no ‚ in font cmr12!
Missing character: There is no Ä in font cmr12!
Missing character: There is no ô in font cmr12!
Missing character: There is no ‚ in font cmr12!
Missing character: There is no Ä in font cmr12!
Missing character: There is no ì in font cmr12!
Missing character: There is no ‚ in font cmr12!
Missing character: There is no Ä in font cmr12!
Missing character: There is no ô in font cmr12!
Missing character: There is no ‚ in font cmss12!
Missing character: There is no Ä in font cmss12!
Missing character: There is no ì in font cmss12!
Missing character: There is no ‚ in font cmr12!
Missing character: There is no Ä in font cmr12!
Missing character: There is no ì in font cmr12!

Underfull \hbox (badness 10000) in paragraph at lines 270--279

 []


Underfull \hbox (badness 10000) in paragraph at lines 270--279

 []


Underfull \hbox (badness 10000) in paragraph at lines 270--279

 []

[18]
Missing character: There is no ‚ in font cmss12!
Missing character: There is no Ä in font cmss12!
Missing character: There is no ò in font cmss12!
Missing character: There is no ‚ in font cmss12!
Missing character: There is no Ä in font cmss12!
Missing character: There is no ô in font cmss12!
Missing character: There is no ‚ in font cmss12!
Missing character: There is no Ä in font cmss12!
Missing character: There is no ò in font cmss12!
Missing character: There is no ‚ in font cmss12!
Missing character: There is no Ä in font cmss12!
Missing character: There is no ô in font cmss12!
Missing character: There is no ‚ in font cmss12!
Missing character: There is no Ä in font cmss12!
Missing character: There is no ò in font cmss12!
Missing character: There is no ‚ in font cmss12!
Missing character: There is no Ä in font cmss12!
Missing character: There is no ô in font cmss12!
Missing character: There is no ‚ in font cmssbx10!
Missing character: There is no Ä in font cmssbx10!
Missing character: There is no ¢ in font cmssbx10!
 [19]
Missing character: There is no ‚ in font cmssbx10!
Missing character: There is no Ä in font cmssbx10!
Missing character: There is no ¢ in font cmssbx10!
 [20]
Missing character: There is no ‚ in font cmss12!
Missing character: There is no Ä in font cmss12!
Missing character: There is no ú in font cmss12!
Missing character: There is no ‚ in font cmss12!
Missing character: There is no Ä in font cmss12!
Missing character: There is no ù in font cmss12!
 <article1compose.jpg, id=79, 120.45pt x 72.27pt>
File: article1compose.jpg Graphic file (type jpg)

<use article1compose.jpg>
Package pdftex.def Info: article1compose.jpg used on input line 314.
(pdftex.def)             Requested size: 390.0pt x 234.02333pt.
 <pitch_midi_note.jpg, id=80, 74.1972pt x 121.1727pt>
File: pitch_midi_note.jpg Graphic file (type jpg)

<use pitch_midi_note.jpg>
Package pdftex.def Info: pitch_midi_note.jpg used on input line 325.
(pdftex.def)             Requested size: 222.59102pt x 363.51718pt.
 <images.jpeg, id=81, 347.2975pt x 145.54375pt>
File: images.jpeg Graphic file (type jpg)

<use images.jpeg>
Package pdftex.def Info: images.jpeg used on input line 335.
(pdftex.def)             Requested size: 390.0pt x 163.44537pt.


LaTeX Warning: `h' float specifier changed to `ht'.

[21] <midi_on.jpg, id=85, 84.315pt x 99.4917pt>
File: midi_on.jpg Graphic file (type jpg)
 <use midi_on.jpg>
Package pdftex.def Info: midi_on.jpg used on input line 348.
(pdftex.def)             Requested size: 252.94432pt x 298.47432pt.

<midi_off.jpg, id=86, 84.315pt x 109.1277pt>
File: midi_off.jpg Graphic file (type jpg)
 <use midi_off.jpg>
Package pdftex.def Info: midi_off.jpg used on input line 356.
(pdftex.def)             Requested size: 252.94432pt x 327.38223pt.

<m_pitch.jpg, id=87, 97.0827pt x 118.7637pt>
File: m_pitch.jpg Graphic file (type jpg)
 <use m_pitch.jpg>
Package pdftex.def Info: m_pitch.jpg used on input line 365.
(pdftex.def)             Requested size: 291.24733pt x 356.29019pt.
 [22 <./article1compose.jpg>]
Missing character: There is no ‚ in font cmss12!
Missing character: There is no Ä in font cmss12!
Missing character: There is no ì in font cmss12!
 [23 <./pitch_midi_note.jpg>] [24 <./images.jpeg> <./midi_on.jpg>]
Missing character: There is no ‚ in font cmss12!
Missing character: There is no Ä in font cmss12!
Missing character: There is no ô in font cmss12!
Missing character: There is no ‚ in font cmss12!
Missing character: There is no Ä in font cmss12!
Missing character: There is no ô in font cmss12!

[25 <./midi_off.jpg>]
Missing character: There is no ‚ in font cmss12!
Missing character: There is no Ä in font cmss12!
Missing character: There is no ô in font cmss12!
Missing character: There is no ‚ in font cmss12!
Missing character: There is no Ä in font cmss12!
Missing character: There is no ô in font cmss12!

Underfull \hbox (badness 10000) in paragraph at lines 383--387

 []

[26 <./m_pitch.jpg>] [27]
Underfull \hbox (badness 10000) in paragraph at lines 388--393

 []


Underfull \hbox (badness 10000) in paragraph at lines 388--393

 []


Underfull \hbox (badness 10000) in paragraph at lines 396--397

 []


Underfull \hbox (badness 10000) in paragraph at lines 398--399

 []


Underfull \hbox (badness 10000) in paragraph at lines 402--404

 []


Underfull \hbox (badness 10000) in paragraph at lines 405--410

 []

[28]
Underfull \hbox (badness 10000) in paragraph at lines 414--415

 []


Underfull \hbox (badness 10000) in paragraph at lines 418--425

 []


Underfull \hbox (badness 10000) in paragraph at lines 418--425

 []


Underfull \hbox (badness 10000) in paragraph at lines 426--427

 []


Underfull \hbox (badness 10000) in paragraph at lines 428--432

 []


Underfull \hbox (badness 10000) in paragraph at lines 428--432

 []

[29]
Underfull \hbox (badness 10000) in paragraph at lines 438--439

 []


Underfull \hbox (badness 10000) in paragraph at lines 440--442

 []


Underfull \hbox (badness 10000) in paragraph at lines 445--446

 []


Underfull \hbox (badness 10000) in paragraph at lines 447--451

 []


Underfull \hbox (badness 10000) in paragraph at lines 452--453

 []

[30]
Missing character: There is no ‚ in font cmss12!
Missing character: There is no Ä in font cmss12!
Missing character: There is no î in font cmss12!
Missing character: There is no ‚ in font cmss12!
Missing character: There is no Ä in font cmss12!
Missing character: There is no î in font cmss12!

Underfull \hbox (badness 10000) in paragraph at lines 454--456

 []

Missing character: There is no ‚ in font cmssbx10!
Missing character: There is no Ä in font cmssbx10!
Missing character: There is no ¢ in font cmssbx10!

Underfull \hbox (badness 10000) in paragraph at lines 470--482

 []


Underfull \hbox (badness 10000) in paragraph at lines 488--497

 []

[31]
Underfull \hbox (badness 10000) in paragraph at lines 504--512

 []

[32]
Underfull \hbox (badness 10000) in paragraph at lines 522--530

 []

[33] <s1.png, id=126, 419.5675pt x 574.145pt>
File: s1.png Graphic file (type png)
 <use s1.png>
Package pdftex.def Info: s1.png used on input line 537.
(pdftex.def)             Requested size: 390.0pt x 533.68651pt.

<s2.png, id=128, 419.5675pt x 1128.215pt>
File: s2.png Graphic file (type png)
 <use s2.png>
Package pdftex.def Info: s2.png used on input line 545.
(pdftex.def)             Requested size: 209.78323pt x 564.10612pt.

<s3.png, id=129, 419.5675pt x 333.245pt>
File: s3.png Graphic file (type png)
 <use s3.png>
Package pdftex.def Info: s3.png used on input line 554.
(pdftex.def)             Requested size: 390.0pt x 309.76208pt.

<r3.png, id=130, 419.5675pt x 357.335pt>
File: r3.png Graphic file (type png)
 <use r3.png>
Package pdftex.def Info: r3.png used on input line 563.
(pdftex.def)             Requested size: 390.0pt x 332.15454pt.
Missing character: There is no ‚ in font cmssbx10!
Missing character: There is no Ä in font cmssbx10!
Missing character: There is no ¢ in font cmssbx10!
Missing character: There is no ‚ in font cmssbx10!
Missing character: There is no Ä in font cmssbx10!
Missing character: There is no ¢ in font cmssbx10!
 [34]
Missing character: There is no ‚ in font cmssbx10!
Missing character: There is no Ä in font cmssbx10!
Missing character: There is no ¢ in font cmssbx10!
 [35] [36] [37 <./s1.png>] [38 <./s2.png>] [39 <./s3.png>] [40 <./r3.png>] (./B
TPreport.aux)

LaTeX Font Warning: Some font shapes were not available, defaults substituted.


LaTeX Warning: There were multiply-defined labels.

 ) 
Here is how much of TeX's memory you used:
 1609 strings out of 493117
 23120 string characters out of 6135433
 84068 words of memory out of 5000000
 5057 multiletter control sequences out of 15000+600000
 9438 words of font info for 33 fonts, out of 8000000 for 9000
 1141 hyphenation exceptions out of 8191
 37i,7n,23p,1592b,252s stack positions out of 5000i,500n,10000p,200000b,80000s
</usr/local/texlive/2014/texmf-dist/fonts/type1/public/amsfonts/cm/cmcsc10.pf
b></usr/local/texlive/2014/texmf-dist/fonts/type1/public/amsfonts/cm/cmmi12.pfb
></usr/local/texlive/2014/texmf-dist/fonts/type1/public/amsfonts/cm/cmr12.pfb><
/usr/local/texlive/2014/texmf-dist/fonts/type1/public/amsfonts/cm/cmss12.pfb></
usr/local/texlive/2014/texmf-dist/fonts/type1/public/amsfonts/cm/cmssbx10.pfb><
/usr/local/texlive/2014/texmf-dist/fonts/type1/public/amsfonts/cm/cmssi12.pfb><
/usr/local/texlive/2014/texmf-dist/fonts/type1/public/amsfonts/cm/cmsy10.pfb>
Output written on BTPreport.pdf (40 pages, 567301 bytes).
PDF statistics:
 184 PDF objects out of 1000 (max. 8388607)
 113 compressed objects within 2 object streams
 0 named destinations out of 1000 (max. 500000)
 76 words of extra memory for PDF output out of 10000 (max. 10000000)

